4096
4096
4096
./0.8_1.0_0.3
2868
-----run--------
10000
20000
30000
40000
50000
60000
70000
80000
90000
100000
110000
120000
130000
140000
150000
160000
170000
180000
190000
200000
210000
220000
230000
240000
250000
260000
270000
280000
290000
300000
310000
320000
330000
340000
350000
360000
370000
380000
390000
400000
410000
420000
430000
440000
450000
460000
470000
480000
490000
500000
510000
520000
530000
540000
550000
560000
570000
580000
590000
600000
610000
620000
630000
640000
650000
660000
670000
680000
690000
700000
710000
720000
730000
740000
750000
760000
770000
780000
790000
800000
810000
820000
830000
840000
850000
860000
870000
880000
890000
900000
910000
920000
930000
940000
950000
960000
970000
980000
990000
1000000
1010000
1020000
1030000
1040000
1050000
1060000
1070000
1080000
1090000
1100000
1110000
1120000
1130000
1140000
1150000
1160000
1170000
1180000
1190000
1200000
1210000
1220000
1230000
1240000
1250000
1260000
1270000
1280000
1290000
1300000
1310000
1320000
1330000
1340000
1350000
1360000
1370000
1380000
1390000
1400000
1410000
1420000
1430000
1440000
1450000
1460000
1470000
1480000
1490000
1500000
1510000
1520000
1530000
1540000
1550000
1560000
1570000
1580000
1590000
1600000
1610000
1620000
1630000
1640000
1650000
1660000
1670000
1680000
1690000
1700000
1710000
1720000
1730000
1740000
1750000
1760000
1770000
1780000
1790000
1800000
1810000
1820000
1830000
1840000
1850000
1860000
1870000
1880000
1890000
1900000
1910000
1920000
1930000
1940000
1950000
1960000
1970000
1980000
1990000
2000000
2010000
2020000
2030000
2040000
2050000
2060000
2070000
2080000
2090000
2100000
2110000
2120000
2130000
2140000
2150000
2160000
2170000
2180000
2190000
2200000
2210000
2220000
2230000
2240000
2250000
2260000
2270000
2280000
2290000
2300000
2310000
2320000
2330000
2340000
2350000
2360000
2370000
2380000
2390000
2400000
2410000
2420000
2430000
2440000
2450000
2460000
2470000
2480000
2490000
2500000
2510000
2520000
2530000
2540000
2550000
2560000
2570000
2580000
2590000
2600000
2610000
2620000
2630000
2640000
2650000
2660000
2670000
2680000
2690000
2700000
2710000
2720000
2730000
2740000
2750000
2760000
2770000
2780000
2790000
2800000
2810000
2820000
2830000
2840000
2850000
2860000
2870000
2880000
2890000
2900000
2910000
2920000
2930000
2940000
2950000
2960000
2970000
2980000
2990000
3000000
3010000
3020000
3030000
3040000
3050000
3060000
3070000
3080000
3090000
3100000
3110000
3120000
3130000
3140000
3150000
3160000
3170000
3180000
3190000
3200000
3210000
3220000
3230000
3240000
3250000
3260000
3270000
3280000
3290000
3300000
3310000
3320000
3330000
3340000
3350000
3360000
3370000
3380000
3390000
3400000
3410000
3420000
3430000
3440000
3450000
3460000
3470000
3480000
3490000
3500000
3510000
3520000
3530000
3540000
3550000
3560000
3570000
3580000
3590000
3600000
3610000
3620000
3630000
3640000
3650000
3660000
3670000
3680000
3690000
3700000
3710000
3720000
3730000
3740000
3750000
3760000
3770000
3780000
3790000
3800000
3810000
3820000
3830000
3840000
3850000
3860000
3870000
3880000
3890000
3900000
3910000
3920000
3930000
3940000
3950000
3960000
3970000
3980000
3990000
4000000
4010000
4020000
4030000
4040000
4050000
4060000
4070000
4080000
4090000
4100000
4110000
4120000
4130000
4140000
4150000
4160000
4170000
4180000
4190000
4200000
4210000
4220000
4230000
4240000
4250000
4260000
4270000
4280000
4290000
4300000
4310000
4320000
4330000
4340000
4350000
4360000
4370000
4380000
4390000
4400000
4410000
4420000
4430000
4440000
4450000
4460000
4470000
4480000
4490000
4500000
4510000
4520000
4530000
4540000
4550000
4560000
4570000
4580000
4590000
4600000
4610000
4620000
4630000
4640000
4650000
4660000
4670000
4680000
4690000
4700000
4710000
4720000
4730000
4740000
4750000
4760000
4770000
4780000
4790000
4800000
4810000
4820000
4830000
4840000
4850000
4860000
4870000
4880000
4890000
4900000
4910000
4920000
4930000
4940000
4950000
4960000
4970000
4980000
4990000
5000000
5010000
5020000
5030000
5040000
5050000
5060000
5070000
5080000
5090000
5100000
5110000
5120000
5130000
5140000
5150000
5160000
5170000
5180000
5190000
5200000
5210000
5220000
5230000
5240000
5250000
5260000
5270000
5280000
5290000
5300000
5310000
5320000
5330000
5340000
5350000
5360000
5370000
5380000
5390000
5400000
5410000
5420000
5430000
5440000
5450000
5460000
5470000
5480000
5490000
5500000
5510000
5520000
5530000
5540000
5550000
5560000
5570000
5580000
5590000
5600000
5610000
5620000
5630000
5640000
5650000
5660000
5670000
5680000
5690000
5700000
5710000
5720000
5730000
5740000
5750000
5760000
5770000
5780000
5790000
5800000
5810000
5820000
5830000
5840000
5850000
5860000
5870000
5880000
5890000
5900000
5910000
5920000
5930000
5940000
5950000
5960000
5970000
5980000
5990000
6000000
6010000
6020000
6030000
6040000
6050000
6060000
6070000
6080000
6090000
6100000
6110000
6120000
6130000
6140000
6150000
6160000
6170000
6180000
6190000
6200000
6210000
6220000
6230000
6240000
6250000
6260000
6270000
6280000
6290000
6300000
6310000
6320000
6330000
6340000
6350000
6360000
6370000
6380000
6390000
6400000
6410000
6420000
6430000
6440000
6450000
6460000
6470000
6480000
6490000
6500000
6510000
6520000
6530000
6540000
6550000
6560000
6570000
6580000
6590000
6600000
6610000
6620000
6630000
6640000
6650000
6660000
6670000
6680000
6690000
6700000
6710000
6720000
6730000
6740000
6750000
6760000
6770000
6780000
6790000
6800000
6810000
6820000
6830000
6840000
6850000
6860000
6870000
6880000
6890000
6900000
6910000
6920000
6930000
6940000
6950000
6960000
6970000
6980000
6990000
7000000
7010000
7020000
7030000
7040000
7050000
7060000
7070000
7080000
7090000
7100000
7110000
7120000
7130000
7140000
7150000
7160000
7170000
7180000
7190000
7200000
7210000
7220000
7230000
7240000
7250000
7260000
7270000
7280000
7290000
7300000
7310000
7320000
7330000
7340000
7350000
7360000
7370000
7380000
7390000
7400000
7410000
7420000
7430000
7440000
7450000
7460000
7470000
7480000
7490000
7500000
7510000
7520000
7530000
7540000
7550000
7560000
7570000
7580000
7590000
7600000
7610000
7620000
7630000
7640000
7650000
7660000
7670000
7680000
7690000
7700000
7710000
7720000
7730000
7740000
7750000
7760000
7770000
7780000
7790000
7800000
7810000
7820000
7830000
7840000
7850000
7860000
7870000
7880000
7890000
7900000
7910000
7920000
7930000
7940000
7950000
7960000
7970000
7980000
7990000
8000000
8010000
8020000
8030000
8040000
8050000
8060000
8070000
8080000
8090000
8100000
8110000
8120000
8130000
8140000
8150000
8160000
8170000
8180000
8190000
8200000
8210000
8220000
8230000
8240000
8250000
8260000
8270000
8280000
8290000
8300000
8310000
8320000
8330000
8340000
8350000
8360000
8370000
8380000
8390000
8400000
8410000
8420000
8430000
8440000
8450000
8460000
8470000
8480000
8490000
8500000
8510000
8520000
8530000
8540000
8550000
8560000
8570000
8580000
8590000
8600000
8610000
8620000
8630000
8640000
8650000
8660000
8670000
8680000
8690000
8700000
8710000
8720000
8730000
8740000
8750000
8760000
8770000
8780000
8790000
8800000
8810000
8820000
8830000
8840000
8850000
8860000
8870000
8880000
8890000
8900000
8910000
8920000
8930000
8940000
8950000
8960000
8970000
8980000
8990000
9000000
9010000
9020000
9030000
9040000
9050000
9060000
9070000
9080000
9090000
9100000
9110000
9120000
9130000
9140000
9150000
9160000
9170000
9180000
9190000
9200000
9210000
9220000
9230000
9240000
9250000
9260000
9270000
9280000
9290000
9300000
9310000
9320000
9330000
9340000
9350000
9360000
9370000
9380000
9390000
9400000
9410000
9420000
9430000
9440000
9450000
9460000
9470000
9480000
9490000
9500000
9510000
9520000
9530000
9540000
9550000
9560000
9570000
9580000
9590000
9600000
9610000
9620000
9630000
9640000
9650000
9660000
9670000
9680000
9690000
9700000
9710000
9720000
9730000
9740000
9750000
9760000
9770000
9780000
9790000
9800000
9810000
9820000
9830000
9840000
9850000
9860000
9870000
9880000
9890000
9900000
9910000
9920000
9930000
9940000
9950000
9960000
9970000
9980000
9990000
10000000
10010000
10020000
10030000
10040000
10050000
10060000
10070000
10080000
10090000
10100000
10110000
10120000
10130000
10140000
10150000
10160000
10170000
10180000
10190000
10200000
10210000
10220000
10230000
10240000
10250000
10260000
10270000
10280000
10290000
10300000
10310000
10320000
10330000
10340000
10350000
10360000
10370000
10380000
10390000
10400000
10410000
10420000
10430000
10440000
10450000
10460000
10470000
10480000
10490000
10500000
10510000
10520000
10530000
10540000
10550000
10560000
10570000
10580000
10590000
10600000
10610000
10620000
10630000
10640000
10650000
10660000
10670000
10680000
10690000
10700000
10710000
10720000
10730000
10740000
10750000
10760000
10770000
10780000
10790000
10800000
10810000
10820000
10830000
10840000
10850000
10860000
10870000
10880000
10890000
10900000
10910000
10920000
10930000
10940000
10950000
10960000
10970000
10980000
10990000
11000000
11010000
11020000
11030000
11040000
11050000
11060000
11070000
11080000
11090000
11100000
11110000
11120000
11130000
11140000
11150000
11160000
11170000
11180000
11190000
11200000
11210000
11220000
11230000
11240000
11250000
11260000
11270000
11280000
11290000
11300000
11310000
11320000
11330000
11340000
11350000
11360000
11370000
11380000
11390000
11400000
11410000
11420000
11430000
11440000
11450000
11460000
11470000
11480000
11490000
11500000
11510000
11520000
11530000
11540000
11550000
11560000
11570000
11580000
11590000
11600000
11610000
11620000
11630000
11640000
11650000
11660000
11670000
11680000
11690000
11700000
11710000
11720000
11730000
11740000
11750000
11760000
11770000
11780000
11790000
11800000
11810000
11820000
11830000
11840000
11850000
11860000
11870000
11880000
11890000
11900000
11910000
11920000
11930000
11940000
11950000
11960000
11970000
11980000
11990000
12000000
12010000
12020000
12030000
12040000
12050000
12060000
12070000
12080000
12090000
12100000
12110000
12120000
12130000
12140000
12150000
12160000
12170000
12180000
12190000
12200000
12210000
12220000
12230000
12240000
12250000
12260000
12270000
12280000
12290000
12300000
12310000
12320000
12330000
12340000
12350000
12360000
12370000
12380000
12390000
12400000
12410000
12420000
12430000
12440000
12450000
12460000
12470000
12480000
12490000
12500000
28033.367782115936
28032.87255215645
10000
9999
9997
9995
9993
9991
9989
9987
9985
9983
9981
9979
9977
9975
9973
9971
9969
9967
9965
9963
9961
9959
9957
9955
9953
9951
9949
9947
9945
9943
9941
9939
9937
9935
9933
9931
9929
9927
9925
9923
9921
9919
9917
9915
9913
9911
9909
9907
9905
9903
9901
9899
9897
9895
9893
9891
9889
9887
9885
9883
9881
9879
9877
9875
9873
9871
9869
9867
9865
9863
9861
9859
9857
9855
9853
9851
9849
9847
9845
9843
9841
9839
9837
9835
9833
9831
9829
9827
9825
9823
9821
9819
9817
9815
9813
9811
9809
9807
9805
9803
9801
9799
9797
9795
9793
9791
9789
9787
9785
9783
9781
9779
9777
9775
9773
9771
9769
9767
9765
9763
9761
9759
9757
9755
9753
9751
9749
9747
9745
9743
9741
9739
9737
9735
9733
9731
9729
9727
9725
9723
9721
9719
9717
9715
9713
9711
9709
9707
9705
9703
9701
9699
9697
9695
9693
9691
9689
9687
9685
9683
9681
9679
9677
9675
9673
9671
9669
9667
9665
9663
9661
9659
9657
9655
9653
9651
9649
9647
9645
9643
9641
9639
9637
9635
9633
9631
9629
9627
9625
9623
9621
9619
9617
9615
9613
9611
9609
9607
9605
9603
9601
9599
9597
9595
9593
9591
9589
9587
9585
9583
9581
9579
9577
9575
9573
9571
9569
9567
9565
9563
9561
9559
9557
9555
9553
9551
9549
9547
9545
9543
9541
9539
9537
9535
9533
9531
9529
9527
9525
9523
9521
9519
9517
9515
9513
9511
9509
9507
9505
9503
9501
9499
9497
9495
9493
9491
9489
9487
9485
9483
9481
9479
9477
9475
9473
9471
9469
9467
9465
9463
9461
9459
9457
9455
9453
9451
9449
9447
9445
9443
9441
9439
9437
9435
9433
9431
9429
9427
9425
9423
9421
9419
9417
9415
9413
9411
9409
9407
9405
9403
9401
9399
9397
9395
9393
9391
9389
9387
9385
9383
9381
9379
9377
9375
9373
9371
9369
9367
9365
9363
9361
9359
9357
9355
9353
9351
9349
9347
9345
9343
9341
9339
9337
9335
9333
9331
9329
9327
9325
9323
9321
9319
9317
9315
9313
9311
9309
9307
9305
9303
9301
9299
9297
9295
9293
9291
9289
9287
9285
9283
9281
9279
9277
9275
9273
9271
9269
9267
9265
9263
9261
9259
9257
9255
9253
9251
9249
9247
9245
9243
9241
9239
9237
9235
9233
9231
9229
9227
9225
9223
9221
9219
9217
9215
9213
9211
9209
9207
9205
9203
9201
9199
9197
9195
9193
9191
9189
9187
9185
9183
9181
9179
9177
9175
9173
9171
9169
9167
9165
9163
9161
9159
9157
9155
9153
9151
9149
9147
9145
9143
9141
9139
9137
9135
9133
9131
9129
9127
9125
9123
9121
9119
9117
9115
9113
9111
9109
9107
9105
9103
9101
9099
9097
9095
9093
9091
9089
9087
9085
9083
9081
9079
9077
9075
9073
9071
9069
9067
9065
9063
9061
9059
9057
9055
9053
9051
9049
9047
9045
9043
9041
9039
9037
9035
9033
9031
9029
9027
9025
9023
9021
9019
9017
9015
9013
9011
9009
9007
9005
9003
9001
8999
8997
8995
8993
8991
8989
8987
8985
8983
8981
8979
8977
8975
8973
8971
8969
8967
8965
8963
8961
8959
8957
8955
8953
8951
8949
8947
8945
8943
8941
8939
8937
8935
8933
8931
8929
8927
8925
8923
8921
8919
8917
8915
8913
8911
8909
8907
8905
8903
8901
8899
8897
8895
8893
8891
8889
8887
8885
8883
8881
8879
8877
8875
8873
8871
8869
8867
8865
8863
8861
8859
8857
8855
8853
8851
8849
8847
8845
8843
8841
8839
8837
8835
8833
8831
8829
8827
8825
8823
8821
8819
8817
8815
8813
8811
8809
8807
8805
8803
8801
8799
8797
8795
8793
8791
8789
8787
8785
8783
8781
8779
8777
8775
8773
8771
8769
8767
8765
8763
8761
8759
8757
8755
8753
8751
8749
8747
8745
8743
8741
8739
8737
8735
8733
8731
8729
8727
8725
8723
8721
8719
8717
8715
8713
8711
8709
8707
8705
8703
8701
8699
8697
8695
8693
8691
8689
8687
8685
8683
8681
8679
8677
8675
8673
8671
8669
8667
8665
8663
8661
8659
8657
8655
8653
8651
8649
8647
8645
8643
8641
8639
8637
8635
8633
8631
8629
8627
8625
8623
8621
8619
8617
8615
8613
8611
8609
8607
8605
8603
8601
8599
8597
8595
8593
8591
8589
8587
8585
8583
8581
8579
8577
8575
8573
8571
8569
8567
8565
8563
8561
8559
8557
8555
8553
8551
8549
8547
8545
8543
8541
8539
8537
8535
8533
8531
8529
8527
8525
8523
8521
8519
8517
8515
8513
8511
8509
8507
8505
8503
8501
8499
8497
8495
8493
8491
8489
8487
8485
8483
8481
8479
8477
8475
8473
8471
8469
8467
8465
8463
8461
8459
8457
8455
8453
8451
8449
8447
8445
8443
8441
8439
8437
8435
8433
8431
8429
8427
8425
8423
8421
8419
8417
8415
8413
8411
8409
8407
8405
8403
8401
8399
8397
8395
8393
8391
8389
8387
8385
8383
8381
8379
8377
8375
8373
8371
8369
8367
8365
8363
8361
8359
8357
8355
8353
8351
8349
8347
8345
8343
8341
8339
8337
8335
8333
8331
8329
8327
8325
8323
8321
8319
8317
8315
8313
8311
8309
8307
8305
8303
8301
8299
8297
8295
8293
8291
8289
8287
8285
8283
8281
8279
8277
8275
8273
8271
8269
8267
8265
8263
8261
8259
8257
8255
8253
8251
8249
8247
8245
8243
8241
8239
8237
8235
8233
8231
8229
8227
8225
8223
8221
8219
8217
8215
8213
8211
8209
8207
8205
8203
8201
8199
8197
8195
8193
8191
8189
8187
8185
8183
8181
8179
8177
8175
8173
8171
8169
8167
8165
8163
8161
8159
8157
8155
8153
8151
8149
8147
8145
8143
8141
8139
8137
8135
8133
8131
8129
8127
8125
8123
8121
8119
8117
8115
8113
8111
8109
8107
8105
8103
8101
8099
8097
8095
8093
8091
8089
8087
8085
8083
8081
8079
8077
8075
8073
8071
8069
8067
8065
8063
8061
8059
8057
8055
8053
8051
8049
8047
8045
8043
8041
8039
8037
8035
8033
8031
8029
8027
8025
8023
8021
8019
8017
8015
8013
8011
8009
8007
8005
8003
8001
7999
7997
7995
7993
7991
7989
7987
7985
7983
7981
7979
7977
7975
7973
7971
7969
7967
7965
7963
7961
7959
7957
7955
7953
7951
7949
7947
7945
7943
7941
7939
7937
7935
7933
7931
7929
7927
7925
7923
7921
7919
7917
7915
7913
7911
7909
7907
7905
7903
7901
7899
7897
7895
7893
7891
7889
7887
7885
7883
7881
7879
7877
7875
7873
7871
7869
7867
7865
7863
7861
7859
7857
7855
7853
7851
7849
7847
7845
7843
7841
7839
7837
7835
7833
7831
7829
7827
7825
7823
7821
7819
7817
7815
7813
7811
7809
7807
7805
7803
7801
7799
7797
7795
7793
7791
7789
7787
7785
7783
7781
7779
7777
7775
7773
7771
7769
7767
7765
7763
7761
7759
7757
7755
7753
7751
7749
7747
7745
7743
7741
7739
7737
7735
7733
7731
7729
7727
7725
7723
7721
7719
7717
7715
7713
7711
7709
7707
7705
7703
7701
7699
7697
7695
7693
7691
7689
7687
7685
7683
7681
7679
7677
7675
7673
7671
7669
7667
7665
7663
7661
7659
7657
7655
7653
7651
7649
7647
7645
7643
7641
7639
7637
7635
7633
7631
7629
7627
7625
7623
7621
7619
7617
7615
7613
7611
7609
7607
7605
7603
7601
7599
7597
7595
7593
7591
7589
7587
7585
7583
7581
7579
7577
7575
7573
7571
7569
7567
7565
7563
7561
7559
7557
7555
7553
7551
7549
7547
7545
7543
7541
7539
7537
7535
7533
7531
7529
7527
7525
7523
7521
7519
7517
7515
7513
7511
7509
7507
7505
7503
7501
7499
7497
7495
7493
7491
7489
7487
7485
7483
7481
7479
7477
7475
7473
7471
7469
7467
7465
7463
7461
7459
7457
7455
7453
7451
7449
7447
7445
7443
7441
7439
7437
7435
7433
7431
7429
7427
7425
7423
7421
7419
7417
7415
7413
7411
7409
7407
7405
7403
7401
7399
7397
7395
7393
7391
7389
7387
7385
7383
7381
7379
7377
7375
7373
7371
7369
7367
7365
7363
7361
7359
7357
7355
7353
7351
7349
7347
7345
7343
7341
7339
7337
7335
7333
7331
7329
7327
7325
7323
7321
7319
7317
7315
7313
7311
7309
7307
7305
7303
7301
7299
7297
7295
7293
7291
7289
7287
7285
7283
7281
7279
7277
7275
7273
7271
7269
7267
7265
7263
7261
7259
7257
7255
7253
7251
7249
7247
7245
7243
7241
7239
7237
7235
7233
7231
7229
7227
7225
7223
7221
7219
7217
7215
7213
7211
7209
7207
7205
7203
7201
7199
7197
7195
7193
7191
7189
7187
7185
7183
7181
7179
7177
7175
7173
7171
7169
7167
7165
7163
7161
7159
7157
7155
7153
7151
7149
7147
7145
7143
7141
7139
7137
7135
7133
7131
7129
7127
7125
7123
7121
7119
7117
7115
7113
7111
7109
7107
7105
7103
7101
7099
7097
7095
7093
7091
7089
7087
7085
7083
7081
7079
7077
7075
7073
7071
7069
7067
7065
7063
7061
7059
7057
7055
7053
7051
7049
7047
7045
7043
7041
7039
7037
7035
7033
7031
7029
7027
7025
7023
7021
7019
7017
7015
7013
7011
7009
7007
7005
7003
7001
6999
6997
6995
6993
6991
6989
6987
6985
6983
6981
6979
6977
6975
6973
6971
6969
6967
6965
6963
6961
6959
6957
6955
6953
6951
6949
6947
6945
6943
6941
6939
6937
6935
6933
6931
6929
6927
6925
6923
6921
6919
6917
6915
6913
6911
6909
6907
6905
6903
6901
6899
6897
6895
6893
6891
6889
6887
6885
6883
6881
6879
6877
6875
6873
6871
6869
6867
6865
6863
6861
6859
6857
6855
6853
6851
6849
6847
6845
6843
6841
6839
6837
6835
6833
6831
6829
6827
6825
6823
6821
6819
6817
6815
6813
6811
6809
6807
6805
6803
6801
6799
6797
6795
6793
6791
6789
6787
6785
6783
6781
6779
6777
6775
6773
6771
6769
6767
6765
6763
6761
6759
6757
6755
6753
6751
6749
6747
6745
6743
6741
6739
6737
6735
6733
6731
6729
6727
6725
6723
6721
6719
6717
6715
6713
6711
6709
6707
6705
6703
6701
6699
6697
6695
6693
6691
6689
6687
6685
6683
6681
6679
6677
6675
6673
6671
6669
6667
6665
6663
6661
6659
6657
6655
6653
6651
6649
6647
6645
6643
6641
6639
6637
6635
6633
6631
6629
6627
6625
6623
6621
6619
6617
6615
6613
6611
6609
6607
6605
6603
6601
6599
6597
6595
6593
6591
6589
6587
6585
6583
6581
6579
6577
6575
6573
6571
6569
6567
6565
6563
6561
6559
6557
6555
6553
6551
6549
6547
6545
6543
6541
6539
6537
6535
6533
6531
6529
6527
6525
6523
6521
6519
6517
6515
6513
6511
6509
6507
6505
6503
6501
6499
6497
6495
6493
6491
6489
6487
6485
6483
6481
6479
6477
6475
6473
6471
6469
6467
6465
6463
6461
6459
6457
6455
6453
6451
6449
6447
6445
6443
6441
6439
6437
6435
6433
6431
6429
6427
6425
6423
6421
6419
6417
6415
6413
6411
6409
6407
6405
6403
6401
6399
6397
6395
6393
6391
6389
6387
6385
6383
6381
6379
6377
6375
6373
6371
6369
6367
6365
6363
6361
6359
6357
6355
6353
6351
6349
6347
6345
6343
6341
6339
6337
6335
6333
6331
6329
6327
6325
6323
6321
6319
6317
6315
6313
6311
6309
6307
6305
6303
6301
6299
6297
6295
6293
6291
6289
6287
6285
6283
6281
6279
6277
6275
6273
6271
6269
6267
6265
6263
6261
6259
6257
6255
6253
6251
6249
6247
6245
6243
6241
6239
6237
6235
6233
6231
6229
6227
6225
6223
6221
6219
6217
6215
6213
6211
6209
6207
6205
6203
6201
6199
6197
6195
6193
6191
6189
6187
6185
6183
6181
6179
6177
6175
6173
6171
6169
6167
6165
6163
6161
6159
6157
6155
6153
6151
6149
6147
6145
6143
6141
6139
6137
6135
6133
6131
6129
6127
6125
6123
6121
6119
6117
6115
6113
6111
6109
6107
6105
6103
6101
6099
6097
6095
6093
6091
6089
6087
6085
6083
6081
6079
6077
6075
6073
6071
6069
6067
6065
6063
6061
6059
6057
6055
6053
6051
6049
6047
6045
6043
6041
6039
6037
6035
6033
6031
6029
6027
6025
6023
6021
6019
6017
6015
6013
6011
6009
6007
6005
6003
6001
5999
5997
5995
5993
5991
5989
5987
5985
5983
5981
5979
5977
5975
5973
5971
5969
5967
5965
5963
5961
5959
5957
5955
5953
5951
5949
5947
5945
5943
5941
5939
5937
5935
5933
5931
5929
5927
5925
5923
5921
5919
5917
5915
5913
5911
5909
5907
5905
5903
5901
5899
5897
5895
5893
5891
5889
5887
5885
5883
5881
5879
5877
5875
5873
5871
5869
5867
5865
5863
5861
5859
5857
5855
5853
5851
5849
5847
5845
5843
5841
5839
5837
5835
5833
5831
5829
5827
5825
5823
5821
5819
5817
5815
5813
5811
5809
5807
5805
5803
5801
5799
5797
5795
5793
5791
5789
5787
5785
5783
5781
5779
5777
5775
5773
5771
5769
5767
5765
5763
5761
5759
5757
5755
5753
5751
5749
5747
5745
5743
5741
5739
5737
5735
5733
5731
5729
5727
5725
5723
5721
5719
5717
5715
5713
5711
5709
5707
5705
5703
5701
5699
5697
5695
5693
5691
5689
5687
5685
5683
5681
5679
5677
5675
5673
5671
5669
5667
5665
5663
5661
5659
5657
5655
5653
5651
5649
5647
5645
5643
5641
5639
5637
5635
5633
5631
5629
5627
5625
5623
5621
5619
5617
5615
5613
5611
5609
5607
5605
5603
5601
5599
5597
5595
5593
5591
5589
5587
5585
5583
5581
5579
5577
5575
5573
5571
5569
5567
5565
5563
5561
5559
5557
5555
5553
5551
5549
5547
5545
5543
5541
5539
5537
5535
5533
5531
5529
5527
5525
5523
5521
5519
5517
5515
5513
5511
5509
5507
5505
5503
5501
5499
5497
5495
5493
5491
5489
5487
5485
5483
5481
5479
5477
5475
5473
5471
5469
5467
5465
5463
5461
5459
5457
5455
5453
5451
5449
5447
5445
5443
5441
5439
5437
5435
5433
5431
5429
5427
5425
5423
5421
5419
5417
5415
5413
5411
5409
5407
5405
5403
5401
5399
5397
5395
5393
5391
5389
5387
5385
5383
5381
5379
5377
5375
5373
5371
5369
5367
5365
5363
5361
5359
5357
5355
5353
5351
5349
5347
5345
5343
5341
5339
5337
5335
5333
5331
5329
5327
5325
5323
5321
5319
5317
5315
5313
5311
5309
5307
5305
5303
5301
5299
5297
5295
5293
5291
5289
5287
5285
5283
5281
5279
5277
5275
5273
5271
5269
5267
5265
5263
5261
5259
5257
5255
5253
5251
5249
5247
5245
5243
5241
5239
5237
5235
5233
5231
5229
5227
5225
5223
5221
5219
5217
5215
5213
5211
5209
5207
5205
5203
5201
5199
5197
5195
5193
5191
5189
5187
5185
5183
5181
5179
5177
5175
5173
5171
5169
5167
5165
5163
5161
5159
5157
5155
5153
5151
5149
5147
5145
5143
5141
5139
5137
5135
5133
5131
5129
5127
5125
5123
5121
5119
5117
5115
5113
5111
5109
5107
5105
5103
5101
5099
5097
5095
5093
5091
5089
5087
5085
5083
5081
5079
5077
5075
5073
5071
5069
5067
5065
5063
5061
5059
5057
5055
5053
5051
5049
5047
5045
5043
5041
5039
5037
5035
5033
5031
5029
5027
5025
5023
5021
5019
5017
5015
5013
5011
5009
5007
5005
5003
5001
4999
4997
4995
4993
4991
4989
4987
4985
4983
4981
4979
4977
4975
4973
4971
4969
4967
4965
4963
4961
4959
4957
4955
4953
4951
4949
4947
4945
4943
4941
4939
4937
4935
4933
4931
4929
4927
4925
4923
4921
4919
4917
4915
4913
4911
4909
4907
4905
4903
4901
4899
4897
4895
4893
4891
4889
4887
4885
4883
4881
4879
4877
4875
4873
4871
4869
4867
4865
4863
4861
4859
4857
4855
4853
4851
4849
4847
4845
4843
4841
4839
4837
4835
4833
4831
4829
4827
4825
4823
4821
4819
4817
4815
4813
4811
4809
4807
4805
4803
4801
4799
4797
4795
4793
4791
4789
4787
4785
4783
4781
4779
4777
4775
4773
4771
4769
4767
4765
4763
4761
4759
4757
4755
4753
4751
4749
4747
4745
4743
4741
4739
4737
4735
4733
4731
4729
4727
4725
4723
4721
4719
4717
4715
4713
4711
4709
4707
4705
4703
4701
4699
4697
4695
4693
4691
4689
4687
4685
4683
4681
4679
4677
4675
4673
4671
4669
4667
4665
4663
4661
4659
4657
4655
4653
4651
4649
4647
4645
4643
4641
4639
4637
4635
4633
4631
4629
4627
4625
4623
4621
4619
4617
4615
4613
4611
4609
4607
4605
4603
4601
4599
4597
4595
4593
4591
4589
4587
4585
4583
4581
4579
4577
4575
4573
4571
4569
4567
4565
4563
4561
4559
4557
4555
4553
4551
4549
4547
4545
4543
4541
4539
4537
4535
4533
4531
4529
4527
4525
4523
4521
4519
4517
4515
4513
4511
4509
4507
4505
4503
4501
4499
4497
4495
4493
4491
4489
4487
4485
4483
4481
4479
4477
4475
4473
4471
4469
4467
4465
4463
4461
4459
4457
4455
4453
4451
4449
4447
4445
4443
4441
4439
4437
4435
4433
4431
4429
4427
4425
4423
4421
4419
4417
4415
4413
4411
4409
4407
4405
4403
4401
4399
4397
4395
4393
4391
4389
4387
4385
4383
4381
4379
4377
4375
4373
4371
4369
4367
4365
4363
4361
4359
4357
4355
4353
4351
4349
4347
4345
4343
4341
4339
4337
4335
4333
4331
4329
4327
4325
4323
4321
4319
4317
4315
4313
4311
4309
4307
4305
4303
4301
4299
4297
4295
4293
4291
4289
4287
4285
4283
4281
4279
4277
4275
4273
4271
4269
4267
4265
4263
4261
4259
4257
4255
4253
4251
4249
4247
4245
4243
4241
4239
4237
4235
4233
4231
4229
4227
4225
4223
4221
4219
4217
4215
4213
4211
4209
4207
4205
4203
4201
4199
4197
4195
4193
4191
4189
4187
4185
4183
4181
4179
4177
4175
4173
4171
4169
4167
4165
4163
4161
4159
4157
4155
4153
4151
4149
4147
4145
4143
4141
4139
4137
4135
4133
4131
4129
4127
4125
4123
4121
4119
4117
4115
4113
4111
4109
4107
4105
4103
4101
4099
4097
4095
4093
4091
4089
4087
4085
4083
4081
4079
4077
4075
4073
4071
4069
4067
4065
4063
4061
4059
4057
4055
4053
4051
4049
4047
4045
4043
4041
4039
4037
4035
4033
4031
4029
4027
4025
4023
4021
4019
4017
4015
4013
4011
4009
4007
4005
4003
4001
3999
3997
3995
3993
3991
3989
3987
3985
3983
3981
3979
3977
3975
3973
3971
3969
3967
3965
3963
3961
3959
3957
3955
3953
3951
3949
3947
3945
3943
3941
3939
3937
3935
3933
3931
3929
3927
3925
3923
3921
3919
3917
3915
3913
3911
3909
3907
3905
3903
3901
3899
3897
3895
3893
3891
3889
3887
3885
3883
3881
3879
3877
3875
3873
3871
3869
3867
3865
3863
3861
3859
3857
3855
3853
3851
3849
3847
3845
3843
3841
3839
3837
3835
3833
3831
3829
3827
3825
3823
3821
3819
3817
3815
3813
3811
3809
3807
3805
3803
3801
3799
3797
3795
3793
3791
3789
3787
3785
3783
3781
3779
3777
3775
3773
3771
3769
3767
3765
3763
3761
3759
3757
3755
3753
3751
3749
3747
3745
3743
3741
3739
3737
3735
3733
3731
3729
3727
3725
3723
3721
3719
3717
3715
3713
3711
3709
3707
3705
3703
3701
3699
3697
3695
3693
3691
3689
3687
3685
3683
3681
3679
3677
3675
3673
3671
3669
3667
3665
3663
3661
3659
3657
3655
3653
3651
3649
3647
3645
3643
3641
3639
3637
3635
3633
3631
3629
3627
3625
3623
3621
3619
3617
3615
3613
3611
3609
3607
3605
3603
3601
3599
3597
3595
3593
3591
3589
3587
3585
3583
3581
3579
3577
3575
3573
3571
3569
3567
3565
3563
3561
3559
3557
3555
3553
3551
3549
3547
3545
3543
3541
3539
3537
3535
3533
3531
3529
3527
3525
3523
3521
3519
3517
3515
3513
3511
3509
3507
3505
3503
3501
3499
3497
3495
3493
3491
3489
3487
3485
3483
3481
3479
3477
3475
3473
3471
3469
3467
3465
3463
3461
3459
3457
3455
3453
3451
3449
3447
3445
3443
3441
3439
3437
3435
3433
3431
3429
3427
3425
3423
3421
3419
3417
3415
3413
3411
3409
3407
3405
3403
3401
3399
3397
3395
3393
3391
3389
3387
3385
3383
3381
3379
3377
3375
3373
3371
3369
3367
3365
3363
3361
3359
3357
3355
3353
3351
3349
3347
3345
3343
3341
3339
3337
3335
3333
3331
3329
3327
3325
3323
3321
3319
3317
3315
3313
3311
3309
3307
3305
3303
3301
3299
3297
3295
3293
3291
3289
3287
3285
3283
3281
3279
3277
3275
3273
3271
3269
3267
3265
3263
3261
3259
3257
3255
3253
3251
3249
3247
3245
3243
3241
3239
3237
3235
3233
3231
3229
3227
3225
3223
3221
3219
3217
3215
3213
3211
3209
3207
3205
3203
3201
3199
3197
3195
3193
3191
3189
3187
3185
3183
3181
3179
3177
3175
3173
3171
3169
3167
3165
3163
3161
3159
3157
3155
3153
3151
3149
3147
3145
3143
3141
3139
3137
3135
3133
3131
3129
3127
3125
3123
3121
3119
3117
3115
3113
3111
3109
3107
3105
3103
3101
3099
3097
3095
3093
3091
3089
3087
3085
3083
3081
3079
3077
3075
3073
3071
3069
3067
3065
3063
3061
3059
3057
3055
3053
3051
3049
3047
3045
3043
3041
3039
3037
3035
3033
3031
3029
3027
3025
3023
3021
3019
3017
3015
3013
3011
3009
3007
3005
3003
3001
2999
2997
2995
2993
2991
2989
2987
2985
2983
2981
2979
2977
2975
2973
2971
2969
2967
2965
2963
2961
2959
2957
2955
2953
2951
2949
2947
2945
2943
2941
2939
2937
2935
2933
2931
2929
2927
2925
2923
2921
2919
2917
2915
2913
2911
2909
2907
2905
2903
2901
2899
2897
2895
2893
2891
2889
2887
2885
2883
2881
2879
2877
2875
2873
2871
2869
2867
2865
2863
2861
2859
2857
2855
2853
2851
2849
2847
2845
2843
2841
2839
2837
2835
2833
2831
2829
2827
2825
2823
2821
2819
2817
2815
2813
2811
2809
2807
2805
2803
2801
2799
2797
2795
2793
2791
2789
2787
2785
2783
2781
2779
2777
2775
2773
2771
2769
2767
2765
2763
2761
2759
2757
2755
2753
2751
2749
2747
2745
2743
2741
2739
2737
2735
2733
2731
2729
2727
2725
2723
2721
2719
2717
2715
2713
2711
2709
2707
2705
2703
2701
2699
2697
2695
2693
2691
2689
2687
2685
2683
2681
2679
2677
2675
2673
2671
2669
2667
2665
2663
2661
2659
2657
2655
2653
2651
2649
2647
2645
2643
2641
2639
2637
2635
2633
2631
2629
2627
2625
2623
2621
2619
2617
2615
2613
2611
2609
2607
2605
2603
2601
2599
2597
2595
2593
2591
2589
2587
2585
2583
2581
2579
2577
2575
2573
2571
2569
2567
2565
2563
2561
2559
2557
2555
2553
2551
2549
2547
2545
2543
2541
2539
2537
2535
2533
2531
2529
2527
2525
2523
2521
2519
2517
2515
2513
2511
2509
2507
2505
2503
2501
2499
2497
2495
2493
2491
2489
2487
2485
2483
2481
2479
2477
2475
2473
2471
2469
2467
2465
2463
2461
2459
2457
2455
2453
2451
2449
2447
2445
2443
2441
2439
2437
2435
2433
2431
2429
2427
2425
2423
2421
2419
2417
2415
2413
2411
2409
2407
2405
2403
2401
2399
2397
2395
2393
2391
2389
2387
2385
2383
2381
2379
2377
2375
2373
2371
2369
2367
2365
2363
2361
2359
2357
2355
2353
2351
2349
2347
2345
2343
2341
2339
2337
2335
2333
2331
2329
2327
2325
2323
2321
2319
2317
2315
2313
2311
2309
2307
2305
2303
2301
2299
2297
2295
2293
2291
2289
2287
2285
2283
2281
2279
2277
2275
2273
2271
2269
2267
2265
2263
2261
2259
2257
2255
2253
2251
2249
2247
2245
2243
2241
2239
2237
2235
2233
2231
2229
2227
2225
2223
2221
2219
2217
2215
2213
2211
2209
2207
2205
2203
2201
2199
2197
2195
2193
2191
2189
2187
2185
2183
2181
2179
2177
2175
2173
2171
2169
2167
2165
2163
2161
2159
2157
2155
2153
2151
2149
2147
2145
2143
2141
2139
2137
2135
2133
2131
2129
2127
2125
2123
2121
2119
2117
2115
2113
2111
2109
2107
2105
2103
2101
2099
2097
2095
2093
2091
2089
2087
2085
2083
2081
2079
2077
2075
2073
2071
2069
2067
2065
2063
2061
2059
2057
2055
2053
2051
2049
2047
2045
2043
2041
2039
2037
2035
2033
2031
2029
2027
2025
2023
2021
2019
2017
2015
2013
2011
2009
2007
2005
2003
2001
1999
1997
1995
1993
1991
1989
1987
1985
1983
1981
1979
1977
1975
1973
1971
1969
1967
1965
1963
1961
1959
1957
1955
1953
1951
1949
1947
1945
1943
1941
1939
1937
1935
1933
1931
1929
1927
1925
1923
1921
1919
1917
1915
1913
1911
1909
1907
1905
1903
1901
1899
1897
1895
1893
1891
1889
1887
1885
1883
1881
1879
1877
1875
1873
1871
1869
1867
1865
1863
1861
1859
1857
1855
1853
1851
1849
1847
1845
1843
1841
1839
1837
1835
1833
1831
1829
1827
1825
1823
1821
1819
1817
1815
1813
1811
1809
1807
1805
1803
1801
1799
1797
1795
1793
1791
1789
1787
1785
1783
1781
1779
1777
1775
1773
1771
1769
1767
1765
1763
1761
1759
1757
1755
1753
1751
1749
1747
1745
1743
1741
1739
1737
1735
1733
1731
1729
1727
1725
1723
1721
1719
1717
1715
1713
1711
1709
1707
1705
1703
1701
1699
1697
1695
1693
1691
1689
1687
1685
1683
1681
1679
1677
1675
1673
1671
1669
1667
1665
1663
1661
1659
1657
1655
1653
1651
1649
1647
1645
1643
1641
1639
1637
1635
1633
1631
1629
1627
1625
1623
1621
1619
1617
1615
1613
1611
1609
1607
1605
1603
1601
1599
1597
1595
1593
1591
1589
1587
1585
1583
1581
1579
1577
1575
1573
1571
1569
1567
1565
1563
1561
1559
1557
1555
1553
1551
1549
1547
1545
1543
1541
1539
1537
1535
1533
1531
1529
1527
1525
1523
1521
1519
1517
1515
1513
1511
1509
1507
1505
1503
1501
1499
1497
1495
1493
1491
1489
1487
1485
1483
1481
1479
1477
1475
1473
1471
1469
1467
1465
1463
1461
1459
1457
1455
1453
1451
1449
1447
1445
1443
1441
1439
1437
1435
1433
1431
1429
1427
1425
1423
1421
1419
1417
1415
1413
1411
1409
1407
1405
1403
1401
1399
1397
1395
1393
1391
1389
1387
1385
1383
1381
1379
1377
1375
1373
1371
1369
1367
1365
1363
1361
1359
1357
1355
1353
1351
1349
1347
1345
1343
1341
1339
1337
1335
1333
1331
1329
1327
1325
1323
1321
1319
1317
1315
1313
1311
1309
1307
1305
1303
1301
1299
1297
1295
1293
1291
1289
1287
1285
1283
1281
1279
1277
1275
1273
1271
1269
1267
1265
1263
1261
1259
1257
1255
1253
1251
1249
1247
1245
1243
1241
1239
1237
1235
1233
1231
1229
1227
1225
1223
1221
1219
1217
1215
1213
1211
1209
1207
1205
1203
1201
1199
1197
1195
1193
1191
1189
1187
1185
1183
1181
1179
1177
1175
1173
1171
1169
1167
1165
1163
1161
1159
1157
1155
1153
1151
1149
1147
1145
1143
1141
1139
1137
1135
1133
1131
1129
1127
1125
1123
1121
1119
1117
1115
1113
1111
1109
1107
1105
1103
1101
1099
1097
1095
1093
1091
1089
1087
1085
1083
1081
1079
1077
1075
1073
1071
1069
1067
1065
1063
1061
1059
1057
1055
1053
1051
1049
1047
1045
1043
1041
1039
1037
1035
1033
1031
1029
1027
1025
1023
1021
1019
1017
1015
1013
1011
1009
1007
1005
1003
1001
999
997
995
993
991
989
987
985
983
981
979
977
975
973
971
969
967
965
963
961
959
957
955
953
951
949
947
945
943
941
939
937
935
933
931
929
927
925
923
921
919
917
915
913
911
909
907
905
903
901
899
897
895
893
891
889
887
885
883
881
879
877
875
873
871
869
867
865
863
861
859
857
855
853
851
849
847
845
843
841
839
837
835
833
831
829
827
825
823
821
819
817
815
813
811
809
807
805
803
801
799
797
795
793
791
789
787
785
783
781
779
777
775
773
771
769
767
765
763
761
759
757
755
753
751
749
747
745
743
741
739
737
735
733
731
729
727
725
723
721
719
717
715
713
711
709
707
705
703
701
699
697
695
693
691
689
687
685
683
681
679
677
675
673
671
669
667
665
663
661
659
657
655
653
651
649
647
645
643
641
639
637
635
633
631
629
627
625
623
621
619
617
615
613
611
609
607
605
603
601
599
597
595
593
591
589
587
585
583
581
579
577
575
573
571
569
567
565
563
561
559
557
555
553
551
549
547
545
543
541
539
537
535
533
531
529
527
525
523
521
519
517
515
513
511
509
507
505
503
501
499
497
495
493
491
489
487
485
483
481
479
477
475
473
471
469
467
465
463
461
459
457
455
453
451
449
447
445
443
441
439
437
435
433
431
429
427
425
423
421
419
417
415
413
411
409
407
405
403
401
399
397
395
393
391
389
387
385
383
381
379
377
375
373
371
369
367
365
363
361
359
357
355
353
351
349
347
345
343
341
339
337
335
333
331
329
327
325
323
321
319
317
315
313
311
309
307
305
303
301
299
297
295
293
291
289
287
285
283
281
279
277
275
273
271
269
267
265
263
261
259
257
255
253
251
249
247
245
243
241
239
237
235
233
231
229
227
225
223
221
219
217
215
213
211
209
207
205
203
201
199
197
195
193
191
189
187
185
183
181
179
177
175
173
171
169
167
165
163
161
159
157
155
153
151
149
147
145
143
141
139
137
135
133
131
129
127
125
123
121
119
117
115
113
111
109
107
105
103
101
99
97
95
93
91
89
87
85
83
81
79
77
75
73
71
69
67
65
63
61
59
57
55
53
51
49
47
45
43
41
39
37
35
33
31
29
27
25
23
21
19
17
15
13
11
9
7
5
3
1
5000
Traceback (most recent call last):
  File "/home/isobelab2022/projects/active_glass/ver6_overdumped_viscous/abp_glass.py", line 454, in <module>
    im=Image.open(file_name)
  File "/home/isobelab2022/anaconda3/envs/iwase_env1/lib/python3.9/site-packages/PIL/Image.py", line 3092, in open
    fp = builtins.open(filename, "rb")
FileNotFoundError: [Errno 2] No such file or directory: './0.8_1.0_0.3/figure_2d/figure0.png'
Error in sys.excepthook:
Traceback (most recent call last):
  File "/home/isobelab2022/build3/hoomd/hoomd/__init__.py", line 89, in _hoomd_sys_excepthook
TypeError: 'NoneType' object is not callable

Original exception was:
AttributeError: 'NoneType' object has no attribute 'info'
Exception ignored in: 'gsd.fl.GSDFile.__dealloc__'
AttributeError: 'NoneType' object has no attribute 'info'
Command exited with non-zero status 1
41645.97user 16.26system 11:35:02elapsed 99%CPU (0avgtext+0avgdata 606312maxresident)k
368inputs+4679832outputs (165major+1760065minor)pagefaults 0swaps
