4096
4096
4096
./0.75_50.0_0.0
4096
-----run--------
10000
20000
30000
40000
50000
60000
70000
80000
90000
100000
110000
120000
130000
140000
150000
160000
170000
180000
190000
200000
210000
220000
230000
240000
250000
260000
270000
280000
290000
300000
310000
320000
330000
340000
350000
360000
370000
380000
390000
400000
410000
420000
430000
440000
450000
460000
470000
480000
490000
500000
510000
520000
530000
540000
550000
560000
570000
580000
590000
600000
610000
620000
630000
640000
650000
660000
670000
680000
690000
700000
710000
720000
730000
740000
750000
760000
770000
780000
790000
800000
810000
820000
830000
840000
850000
860000
870000
880000
890000
900000
910000
920000
930000
940000
950000
960000
970000
980000
990000
1000000
1010000
1020000
1030000
1040000
1050000
1060000
1070000
1080000
1090000
1100000
1110000
1120000
1130000
1140000
1150000
1160000
1170000
1180000
1190000
1200000
1210000
1220000
1230000
1240000
1250000
1260000
1270000
1280000
1290000
1300000
1310000
1320000
1330000
1340000
1350000
1360000
1370000
1380000
1390000
1400000
1410000
1420000
1430000
1440000
1450000
1460000
1470000
1480000
1490000
1500000
1510000
1520000
1530000
1540000
1550000
1560000
1570000
1580000
1590000
1600000
1610000
1620000
1630000
1640000
1650000
1660000
1670000
1680000
1690000
1700000
1710000
1720000
1730000
1740000
1750000
1760000
1770000
1780000
1790000
1800000
1810000
1820000
1830000
1840000
1850000
1860000
1870000
1880000
1890000
1900000
1910000
1920000
1930000
1940000
1950000
1960000
1970000
1980000
1990000
2000000
2010000
2020000
2030000
2040000
2050000
2060000
2070000
2080000
2090000
2100000
2110000
2120000
2130000
2140000
2150000
2160000
2170000
2180000
2190000
2200000
2210000
2220000
2230000
2240000
2250000
2260000
2270000
2280000
2290000
2300000
2310000
2320000
2330000
2340000
2350000
2360000
2370000
2380000
2390000
2400000
2410000
2420000
2430000
2440000
2450000
2460000
2470000
2480000
2490000
2500000
2510000
2520000
2530000
2540000
2550000
2560000
2570000
2580000
2590000
2600000
2610000
2620000
2630000
2640000
2650000
2660000
2670000
2680000
2690000
2700000
2710000
2720000
2730000
2740000
2750000
2760000
2770000
2780000
2790000
2800000
2810000
2820000
2830000
2840000
2850000
2860000
2870000
2880000
2890000
2900000
2910000
2920000
2930000
2940000
2950000
2960000
2970000
2980000
2990000
3000000
3010000
3020000
3030000
3040000
3050000
3060000
3070000
3080000
3090000
3100000
3110000
3120000
3130000
3140000
3150000
3160000
3170000
3180000
3190000
3200000
3210000
3220000
3230000
3240000
3250000
3260000
3270000
3280000
3290000
3300000
3310000
3320000
3330000
3340000
3350000
3360000
3370000
3380000
3390000
3400000
3410000
3420000
3430000
3440000
3450000
3460000
3470000
3480000
3490000
3500000
3510000
3520000
3530000
3540000
3550000
3560000
3570000
3580000
3590000
3600000
3610000
3620000
3630000
3640000
3650000
3660000
3670000
3680000
3690000
3700000
3710000
3720000
3730000
3740000
3750000
3760000
3770000
3780000
3790000
3800000
3810000
3820000
3830000
3840000
3850000
3860000
3870000
3880000
3890000
3900000
3910000
3920000
3930000
3940000
3950000
3960000
3970000
3980000
3990000
4000000
4010000
4020000
4030000
4040000
4050000
4060000
4070000
4080000
4090000
4100000
4110000
4120000
4130000
4140000
4150000
4160000
4170000
4180000
4190000
4200000
4210000
4220000
4230000
4240000
4250000
4260000
4270000
4280000
4290000
4300000
4310000
4320000
4330000
4340000
4350000
4360000
4370000
4380000
4390000
4400000
4410000
4420000
4430000
4440000
4450000
4460000
4470000
4480000
4490000
4500000
4510000
4520000
4530000
4540000
4550000
4560000
4570000
4580000
4590000
4600000
4610000
4620000
4630000
4640000
4650000
4660000
4670000
4680000
4690000
4700000
4710000
4720000
4730000
4740000
4750000
4760000
4770000
4780000
4790000
4800000
4810000
4820000
4830000
4840000
4850000
4860000
4870000
4880000
4890000
4900000
4910000
4920000
4930000
4940000
4950000
4960000
4970000
4980000
4990000
5000000
5010000
5020000
5030000
5040000
5050000
5060000
5070000
5080000
5090000
5100000
5110000
5120000
5130000
5140000
5150000
5160000
5170000
5180000
5190000
5200000
5210000
5220000
5230000
5240000
5250000
5260000
5270000
5280000
5290000
5300000
5310000
5320000
5330000
5340000
5350000
5360000
5370000
5380000
5390000
5400000
5410000
5420000
5430000
5440000
5450000
5460000
5470000
5480000
5490000
5500000
5510000
5520000
5530000
5540000
5550000
5560000
5570000
5580000
5590000
5600000
5610000
5620000
5630000
5640000
5650000
5660000
5670000
5680000
5690000
5700000
5710000
5720000
5730000
5740000
5750000
5760000
5770000
5780000
5790000
5800000
5810000
5820000
5830000
5840000
5850000
5860000
5870000
5880000
5890000
5900000
5910000
5920000
5930000
5940000
5950000
5960000
5970000
5980000
5990000
6000000
6010000
6020000
6030000
6040000
6050000
6060000
6070000
6080000
6090000
6100000
6110000
6120000
6130000
6140000
6150000
6160000
6170000
6180000
6190000
6200000
6210000
6220000
6230000
6240000
6250000
6260000
6270000
6280000
6290000
6300000
6310000
6320000
6330000
6340000
6350000
6360000
6370000
6380000
6390000
6400000
6410000
6420000
6430000
6440000
6450000
6460000
6470000
6480000
6490000
6500000
6510000
6520000
6530000
6540000
6550000
6560000
6570000
6580000
6590000
6600000
6610000
6620000
6630000
6640000
6650000
6660000
6670000
6680000
6690000
6700000
6710000
6720000
6730000
6740000
6750000
6760000
6770000
6780000
6790000
6800000
6810000
6820000
6830000
6840000
6850000
6860000
6870000
6880000
6890000
6900000
6910000
6920000
6930000
6940000
6950000
6960000
6970000
6980000
6990000
7000000
7010000
7020000
7030000
7040000
7050000
7060000
7070000
7080000
7090000
7100000
7110000
7120000
7130000
7140000
7150000
7160000
7170000
7180000
7190000
7200000
7210000
7220000
7230000
7240000
7250000
7260000
7270000
7280000
7290000
7300000
7310000
7320000
7330000
7340000
7350000
7360000
7370000
7380000
7390000
7400000
7410000
7420000
7430000
7440000
7450000
7460000
7470000
7480000
7490000
7500000
7510000
7520000
7530000
7540000
7550000
7560000
7570000
7580000
7590000
7600000
7610000
7620000
7630000
7640000
7650000
7660000
7670000
7680000
7690000
7700000
7710000
7720000
7730000
7740000
7750000
7760000
7770000
7780000
7790000
7800000
7810000
7820000
7830000
7840000
7850000
7860000
7870000
7880000
7890000
7900000
7910000
7920000
7930000
7940000
7950000
7960000
7970000
7980000
7990000
8000000
8010000
8020000
8030000
8040000
8050000
8060000
8070000
8080000
8090000
8100000
8110000
8120000
8130000
8140000
8150000
8160000
8170000
8180000
8190000
8200000
8210000
8220000
8230000
8240000
8250000
8260000
8270000
8280000
8290000
8300000
8310000
8320000
8330000
8340000
8350000
8360000
8370000
8380000
8390000
8400000
8410000
8420000
8430000
8440000
8450000
8460000
8470000
8480000
8490000
8500000
8510000
8520000
8530000
8540000
8550000
8560000
8570000
8580000
8590000
8600000
8610000
8620000
8630000
8640000
8650000
8660000
8670000
8680000
8690000
8700000
8710000
8720000
8730000
8740000
8750000
8760000
8770000
8780000
8790000
8800000
8810000
8820000
8830000
8840000
8850000
8860000
8870000
8880000
8890000
8900000
8910000
8920000
8930000
8940000
8950000
8960000
8970000
8980000
8990000
9000000
9010000
9020000
9030000
9040000
9050000
9060000
9070000
9080000
9090000
9100000
9110000
9120000
9130000
9140000
9150000
9160000
9170000
9180000
9190000
9200000
9210000
9220000
9230000
9240000
9250000
9260000
9270000
9280000
9290000
9300000
9310000
9320000
9330000
9340000
9350000
9360000
9370000
9380000
9390000
9400000
9410000
9420000
9430000
9440000
9450000
9460000
9470000
9480000
9490000
9500000
9510000
9520000
9530000
9540000
9550000
9560000
9570000
9580000
9590000
9600000
9610000
9620000
9630000
9640000
9650000
9660000
9670000
9680000
9690000
9700000
9710000
9720000
9730000
9740000
9750000
9760000
9770000
9780000
9790000
9800000
9810000
9820000
9830000
9840000
9850000
9860000
9870000
9880000
9890000
9900000
9910000
9920000
9930000
9940000
9950000
9960000
9970000
9980000
9990000
10000000
10010000
10020000
10030000
10040000
10050000
10060000
10070000
10080000
10090000
10100000
10110000
10120000
10130000
10140000
10150000
10160000
10170000
10180000
10190000
10200000
10210000
10220000
10230000
10240000
10250000
10260000
10270000
10280000
10290000
10300000
10310000
10320000
10330000
10340000
10350000
10360000
10370000
10380000
10390000
10400000
10410000
10420000
10430000
10440000
10450000
10460000
10470000
10480000
10490000
10500000
10510000
10520000
10530000
10540000
10550000
10560000
10570000
10580000
10590000
10600000
10610000
10620000
10630000
10640000
10650000
10660000
10670000
10680000
10690000
10700000
10710000
10720000
10730000
10740000
10750000
10760000
10770000
10780000
10790000
10800000
10810000
10820000
10830000
10840000
10850000
10860000
10870000
10880000
10890000
10900000
10910000
10920000
10930000
10940000
10950000
10960000
10970000
10980000
10990000
11000000
11010000
11020000
11030000
11040000
11050000
11060000
11070000
11080000
11090000
11100000
11110000
11120000
11130000
11140000
11150000
11160000
11170000
11180000
11190000
11200000
11210000
11220000
11230000
11240000
11250000
11260000
11270000
11280000
11290000
11300000
11310000
11320000
11330000
11340000
11350000
11360000
11370000
11380000
11390000
11400000
11410000
11420000
11430000
11440000
11450000
11460000
11470000
11480000
11490000
11500000
11510000
11520000
11530000
11540000
11550000
11560000
11570000
11580000
11590000
11600000
11610000
11620000
11630000
11640000
11650000
11660000
11670000
11680000
11690000
11700000
11710000
11720000
11730000
11740000
11750000
11760000
11770000
11780000
11790000
11800000
11810000
11820000
11830000
11840000
11850000
11860000
11870000
11880000
11890000
11900000
11910000
11920000
11930000
11940000
11950000
11960000
11970000
11980000
11990000
12000000
12010000
12020000
12030000
12040000
12050000
12060000
12070000
12080000
12090000
12100000
12110000
12120000
12130000
12140000
12150000
12160000
12170000
12180000
12190000
12200000
12210000
12220000
12230000
12240000
12250000
12260000
12270000
12280000
12290000
12300000
12310000
12320000
12330000
12340000
12350000
12360000
12370000
12380000
12390000
12400000
12410000
12420000
12430000
12440000
12450000
12460000
12470000
12480000
12490000
12500000
21210.089546203613
21209.66288948059
10000
9999
9979
9959
9939
9919
9899
9879
9859
9839
9819
9799
9779
9759
9739
9719
9699
9679
9659
9639
9619
9599
9579
9559
9539
9519
9499
9479
9459
9439
9419
9399
9379
9359
9339
9319
9299
9279
9259
9239
9219
9199
9179
9159
9139
9119
9099
9079
9059
9039
9019
8999
8979
8959
8939
8919
8899
8879
8859
8839
8819
8799
8779
8759
8739
8719
8699
8679
8659
8639
8619
8599
8579
8559
8539
8519
8499
8479
8459
8439
8419
8399
8379
8359
8339
8319
8299
8279
8259
8239
8219
8199
8179
8159
8139
8119
8099
8079
8059
8039
8019
7999
7979
7959
7939
7919
7899
7879
7859
7839
7819
7799
7779
7759
7739
7719
7699
7679
7659
7639
7619
7599
7579
7559
7539
7519
7499
7479
7459
7439
7419
7399
7379
7359
7339
7319
7299
7279
7259
7239
7219
7199
7179
7159
7139
7119
7099
7079
7059
7039
7019
6999
6979
6959
6939
6919
6899
6879
6859
6839
6819
6799
6779
6759
6739
6719
6699
6679
6659
6639
6619
6599
6579
6559
6539
6519
6499
6479
6459
6439
6419
6399
6379
6359
6339
6319
6299
6279
6259
6239
6219
6199
6179
6159
6139
6119
6099
6079
6059
6039
6019
5999
5979
5959
5939
5919
5899
5879
5859
5839
5819
5799
5779
5759
5739
5719
5699
5679
5659
5639
5619
5599
5579
5559
5539
5519
5499
5479
5459
5439
5419
5399
5379
5359
5339
5319
5299
5279
5259
5239
5219
5199
5179
5159
5139
5119
5099
5079
5059
5039
5019
4999
4979
4959
4939
4919
4899
4879
4859
4839
4819
4799
4779
4759
4739
4719
4699
4679
4659
4639
4619
4599
4579
4559
4539
4519
4499
4479
4459
4439
4419
4399
4379
4359
4339
4319
4299
4279
4259
4239
4219
4199
4179
4159
4139
4119
4099
4079
4059
4039
4019
3999
3979
3959
3939
3919
3899
3879
3859
3839
3819
3799
3779
3759
3739
3719
3699
3679
3659
3639
3619
3599
3579
3559
3539
3519
3499
3479
3459
3439
3419
3399
3379
3359
3339
3319
3299
3279
3259
3239
3219
3199
3179
3159
3139
3119
3099
3079
3059
3039
3019
2999
2979
2959
2939
2919
2899
2879
2859
2839
2819
2799
2779
2759
2739
2719
2699
2679
2659
2639
2619
2599
2579
2559
2539
2519
2499
2479
2459
2439
2419
2399
2379
2359
2339
2319
2299
2279
2259
2239
2219
2199
2179
2159
2139
2119
2099
2079
2059
2039
2019
1999
1979
1959
1939
1919
1899
1879
1859
1839
1819
1799
1779
1759
1739
1719
1699
1679
1659
1639
1619
1599
1579
1559
1539
1519
1499
1479
1459
1439
1419
1399
1379
1359
1339
1319
1299
1279
1259
1239
1219
1199
1179
1159
1139
1119
1099
1079
1059
1039
1019
999
979
959
939
919
899
879
859
839
819
799
779
759
739
719
699
679
659
639
619
599
579
559
539
519
499
479
459
439
419
399
379
359
339
319
299
279
259
239
219
199
179
159
139
119
99
79
59
39
19
500
Traceback (most recent call last):
  File "/home/isobelab2022/projects/active_glass/ver7/abp_glass.py", line 456, in <module>
    im=Image.open(file_name)
  File "/home/isobelab2022/anaconda3/envs/iwase_env1/lib/python3.9/site-packages/PIL/Image.py", line 3092, in open
    fp = builtins.open(filename, "rb")
FileNotFoundError: [Errno 2] No such file or directory: './0.75_50.0_0.0/figure_2d/figure0.png'
Error in sys.excepthook:
Traceback (most recent call last):
  File "/home/isobelab2022/build3/hoomd/hoomd/__init__.py", line 89, in _hoomd_sys_excepthook
TypeError: 'NoneType' object is not callable

Original exception was:
AttributeError: 'NoneType' object has no attribute 'info'
Exception ignored in: 'gsd.fl.GSDFile.__dealloc__'
AttributeError: 'NoneType' object has no attribute 'info'
Command exited with non-zero status 1
22205.78user 6.15system 6:10:31elapsed 99%CPU (0avgtext+0avgdata 604920maxresident)k
0inputs+405920outputs (107major+419424minor)pagefaults 0swaps
